#
# There is insufficient memory for the Java Runtime Environment to continue.
# Native memory allocation (malloc) failed to allocate 365456 bytes for Chunk::new
# Possible reasons:
#   The system is out of physical RAM or swap space
#   The process is running with CompressedOops enabled, and the Java Heap may be blocking the growth of the native heap
# Possible solutions:
#   Reduce memory load on the system
#   Increase physical memory or swap space
#   Check if swap backing store is full
#   Decrease Java heap size (-Xmx/-Xms)
#   Decrease number of Java threads
#   Decrease Java thread stack sizes (-Xss)
#   Set larger code cache with -XX:ReservedCodeCacheSize=
#   JVM is running with Unscaled Compressed Oops mode in which the Java heap is
#     placed in the first 4GB address space. The Java Heap base address is the
#     maximum limit for the native heap growth. Please use -XX:HeapBaseMinAddress
#     to set the Java Heap base and to place the Java Heap above 4GB virtual address.
# This output file may be truncated or incomplete.
#
#  Out of Memory Error (arena.cpp:184), pid=12444, tid=11492
#
# JRE version: Java(TM) SE Runtime Environment (20.0.1+9) (build 20.0.1+9-29)
# Java VM: Java HotSpot(TM) 64-Bit Server VM (20.0.1+9-29, mixed mode, sharing, tiered, compressed oops, compressed class ptrs, g1 gc, windows-amd64)
# No core dump will be written. Minidumps are not enabled by default on client versions of Windows
#

---------------  S U M M A R Y ------------

Command Line: --add-opens=java.base/java.util=ALL-UNNAMED --add-opens=java.base/java.lang=ALL-UNNAMED --add-opens=java.base/java.lang.invoke=ALL-UNNAMED --add-opens=java.prefs/java.util.prefs=ALL-UNNAMED --add-opens=java.base/java.nio.charset=ALL-UNNAMED --add-opens=java.base/java.net=ALL-UNNAMED --add-opens=java.base/java.util.concurrent.atomic=ALL-UNNAMED -Xmx2048m -Dfile.encoding=UTF-8 -Duser.country=US -Duser.language=en -Duser.variant -javaagent:C:\Users\MR.BELAIR\.gradle\wrapper\dists\gradle-8.6-bin\afr5mpiioh2wthjmwnkmdsd5w\gradle-8.6\lib\agents\gradle-instrumentation-agent-8.6.jar org.gradle.launcher.daemon.bootstrap.GradleDaemon 8.6

Host: Intel(R) Core(TM) i5-4210U CPU @ 1.70GHz, 4 cores, 7G,  Windows 10 , 64 bit Build 15063 (10.0.15063.1058)
Time: Sun Jul  7 14:54:37 2024 Pacific Daylight Time elapsed time: 19.158552 seconds (0d 0h 0m 19s)

---------------  T H R E A D  ---------------

Current thread (0x000001e165e5d150):  JavaThread "C2 CompilerThread0" daemon [_thread_in_native, id=11492, stack(0x0000001443800000,0x0000001443900000)]


Current CompileTask:
C2:  19158 4006       4       java.util.regex.Pattern::compile (537 bytes)

Stack: [0x0000001443800000,0x0000001443900000]
Native frames: (J=compiled Java code, j=interpreted, Vv=VM code, C=native code)
V  [jvm.dll+0x6bb95a]
V  [jvm.dll+0x8485fa]
V  [jvm.dll+0x84a1f5]
V  [jvm.dll+0x84a8f3]
V  [jvm.dll+0x280b0f]
V  [jvm.dll+0xc2b11]
V  [jvm.dll+0xc2e35]
V  [jvm.dll+0x2f5dbf]
V  [jvm.dll+0x5e32eb]
V  [jvm.dll+0x2543b4]
V  [jvm.dll+0x24c842]
V  [jvm.dll+0x24a549]
V  [jvm.dll+0x1ce491]
V  [jvm.dll+0x259e1b]
V  [jvm.dll+0x2584f0]
V  [jvm.dll+0x3f2895]
V  [jvm.dll+0x7f4b56]
V  [jvm.dll+0x6ba5cb]
C  [ucrtbase.dll+0x20279]
C  [KERNEL32.DLL+0x12784]
C  [ntdll.dll+0x50c51]


---------------  P R O C E S S  ---------------

Threads class SMR info:
_java_thread_list=0x000001e16c193d90, length=30, elements={
0x000001e149cd0460, 0x000001e165e4fe60, 0x000001e165e50c00, 0x000001e165e57e80,
0x000001e165e58be0, 0x000001e165e596c0, 0x000001e165e5b780, 0x000001e165e5d150,
0x000001e165e704d0, 0x000001e16a0a2760, 0x000001e16a1d3a30, 0x000001e16b01a010,
0x000001e16b93b520, 0x000001e16b03d710, 0x000001e16aaaf030, 0x000001e16ab7bb20,
0x000001e16ab7c070, 0x000001e16ab7cb10, 0x000001e16ab7ab30, 0x000001e16ab7b080,
0x000001e16ab7c5c0, 0x000001e16ab7b5d0, 0x000001e16ab7d060, 0x000001e16ab7a5e0,
0x000001e16ab7d5b0, 0x000001e16ab7a090, 0x000001e16ded0580, 0x000001e16ded2010,
0x000001e16decf040, 0x000001e16ceca100
}

Java Threads: ( => current thread )
  0x000001e149cd0460 JavaThread "main" [_thread_blocked, id=8764, stack(0x0000001442b00000,0x0000001442c00000)]
  0x000001e165e4fe60 JavaThread "Reference Handler" daemon [_thread_blocked, id=6960, stack(0x0000001443200000,0x0000001443300000)]
  0x000001e165e50c00 JavaThread "Finalizer" daemon [_thread_blocked, id=9316, stack(0x0000001443300000,0x0000001443400000)]
  0x000001e165e57e80 JavaThread "Signal Dispatcher" daemon [_thread_blocked, id=7560, stack(0x0000001443400000,0x0000001443500000)]
  0x000001e165e58be0 JavaThread "Attach Listener" daemon [_thread_blocked, id=12904, stack(0x0000001443500000,0x0000001443600000)]
  0x000001e165e596c0 JavaThread "Service Thread" daemon [_thread_blocked, id=2244, stack(0x0000001443600000,0x0000001443700000)]
  0x000001e165e5b780 JavaThread "Monitor Deflation Thread" daemon [_thread_blocked, id=11696, stack(0x0000001443700000,0x0000001443800000)]
=>0x000001e165e5d150 JavaThread "C2 CompilerThread0" daemon [_thread_in_native, id=11492, stack(0x0000001443800000,0x0000001443900000)]
  0x000001e165e704d0 JavaThread "C1 CompilerThread0" daemon [_thread_in_native, id=8068, stack(0x0000001443900000,0x0000001443a00000)]
  0x000001e16a0a2760 JavaThread "Common-Cleaner" daemon [_thread_blocked, id=12524, stack(0x0000001443a00000,0x0000001443b00000)]
  0x000001e16a1d3a30 JavaThread "Notification Thread" daemon [_thread_blocked, id=8724, stack(0x0000001443b00000,0x0000001443c00000)]
  0x000001e16b01a010 JavaThread "Daemon health stats" [_thread_blocked, id=1040, stack(0x0000001444500000,0x0000001444600000)]
  0x000001e16b93b520 JavaThread "Incoming local TCP Connector on port 52430" [_thread_in_native, id=936, stack(0x0000001444700000,0x0000001444800000)]
  0x000001e16b03d710 JavaThread "Daemon periodic checks" [_thread_blocked, id=14148, stack(0x0000001444800000,0x0000001444900000)]
  0x000001e16aaaf030 JavaThread "Daemon" [_thread_blocked, id=13740, stack(0x0000001444900000,0x0000001444a00000)]
  0x000001e16ab7bb20 JavaThread "Handler for socket connection from /127.0.0.1:52430 to /127.0.0.1:52431" [_thread_in_native, id=11204, stack(0x0000001444a00000,0x0000001444b00000)]
  0x000001e16ab7c070 JavaThread "Cancel handler" [_thread_blocked, id=13580, stack(0x0000001444b00000,0x0000001444c00000)]
  0x000001e16ab7cb10 JavaThread "Daemon worker" [_thread_in_native, id=4992, stack(0x0000001444c00000,0x0000001444d00000)]
  0x000001e16ab7ab30 JavaThread "Asynchronous log dispatcher for DefaultDaemonConnection: socket connection from /127.0.0.1:52430 to /127.0.0.1:52431" [_thread_blocked, id=9692, stack(0x0000001444d00000,0x0000001444e00000)]
  0x000001e16ab7b080 JavaThread "Stdin handler" [_thread_blocked, id=2204, stack(0x0000001444e00000,0x0000001444f00000)]
  0x000001e16ab7c5c0 JavaThread "Daemon client event forwarder" [_thread_blocked, id=13872, stack(0x0000001444f00000,0x0000001445000000)]
  0x000001e16ab7b5d0 JavaThread "Cache worker for journal cache (C:\Users\MR.BELAIR\.gradle\caches\journal-1)" [_thread_blocked, id=12452, stack(0x0000001445000000,0x0000001445100000)]
  0x000001e16ab7d060 JavaThread "File lock request listener" [_thread_in_native, id=13892, stack(0x0000001445100000,0x0000001445200000)]
  0x000001e16ab7a5e0 JavaThread "Cache worker for file hash cache (C:\Users\MR.BELAIR\.gradle\caches\8.6\fileHashes)" [_thread_blocked, id=1480, stack(0x0000001445200000,0x0000001445300000)]
  0x000001e16ab7d5b0 JavaThread "Cache worker for checksums cache (C:\Users\MR.BELAIR\Documents\SmallProjects\MyApplication\.gradle\8.6\checksums)" [_thread_blocked, id=11376, stack(0x0000001445500000,0x0000001445600000)]
  0x000001e16ab7a090 JavaThread "Cache worker for file hash cache (C:\Users\MR.BELAIR\Documents\SmallProjects\MyApplication\.gradle\8.6\fileHashes)" [_thread_blocked, id=12036, stack(0x0000001445600000,0x0000001445700000)]
  0x000001e16ded0580 JavaThread "Cache worker for cache directory md-supplier (C:\Users\MR.BELAIR\.gradle\caches\8.6\md-supplier)" [_thread_blocked, id=7836, stack(0x0000001445700000,0x0000001445800000)]
  0x000001e16ded2010 JavaThread "Cache worker for cache directory md-rule (C:\Users\MR.BELAIR\.gradle\caches\8.6\md-rule)" [_thread_blocked, id=5880, stack(0x0000001445800000,0x0000001445900000)]
  0x000001e16decf040 JavaThread "Cache worker for file content cache (C:\Users\MR.BELAIR\.gradle\caches\8.6\fileContent)" [_thread_blocked, id=7964, stack(0x0000001445900000,0x0000001445a00000)]
  0x000001e16ceca100 JavaThread "C2 CompilerThread1" daemon [_thread_in_native, id=6752, stack(0x0000001445d00000,0x0000001445e00000)]

Other Threads:
  0x000001e165e32730 VMThread "VM Thread" [stack: 0x0000001443100000,0x0000001443200000] [id=4568]
  0x000001e149cd1060 WatcherThread "VM Periodic Task Thread" [stack: 0x0000001443c00000,0x0000001443d00000] [id=14008]
  0x000001e149d2e220 WorkerThread "GC Thread#0" [stack: 0x0000001442c00000,0x0000001442d00000] [id=9592]
  0x000001e16a421c90 WorkerThread "GC Thread#1" [stack: 0x0000001443e00000,0x0000001443f00000] [id=3344]
  0x000001e16a421f60 WorkerThread "GC Thread#2" [stack: 0x0000001443f00000,0x0000001444000000] [id=12176]
  0x000001e16abde240 WorkerThread "GC Thread#3" [stack: 0x0000001444100000,0x0000001444200000] [id=5748]
  0x000001e149d41100 ConcurrentGCThread "G1 Main Marker" [stack: 0x0000001442d00000,0x0000001442e00000] [id=7816]
  0x000001e149d42500 WorkerThread "G1 Conc#0" [stack: 0x0000001442e00000,0x0000001442f00000] [id=3368]
  0x000001e165ce54e0 ConcurrentGCThread "G1 Refine#0" [stack: 0x0000001442f00000,0x0000001443000000] [id=5368]
  0x000001e165ce5c30 ConcurrentGCThread "G1 Service" [stack: 0x0000001443000000,0x0000001443100000] [id=12100]

Threads with active compile tasks:
C2 CompilerThread0    19300 4006       4       java.util.regex.Pattern::compile (537 bytes)
C1 CompilerThread0    19300 4038       3       org.codehaus.groovy.vmplugin.v9.Java9::lambda$doFindClasses$3 (47 bytes)
C2 CompilerThread1    19300 4005       4       jdk.internal.jimage.ImageLocation::getFullName (109 bytes)

VM state: not at safepoint (normal execution)

VM Mutex/Monitor currently owned by a thread:  ([mutex/lock_event])
[0x000001e149ccbde0] Compile_lock - owner thread: 0x0000000000000000

Heap address: 0x0000000080000000, size: 2048 MB, Compressed Oops mode: 32-bit

CDS archive(s) mapped at: [0x0000000800000000-0x0000000800c60000-0x0000000800c60000), size 12976128, SharedBaseAddress: 0x0000000800000000, ArchiveRelocationMode: 0.
Compressed class space mapped at: 0x0000000801000000-0x0000000841000000, reserved size: 1073741824
Narrow klass base: 0x0000000800000000, Narrow klass shift: 0, Narrow klass range: 0x100000000

GC Precious Log:
 CardTable entry size: 512
 Card Set container configuration: InlinePtr #cards 5 size 8 Array Of Cards #cards 12 size 40 Howl #buckets 4 coarsen threshold 1843 Howl Bitmap #cards 512 size 80 coarsen threshold 460 Card regions per heap region 1 cards per card region 2048
 CPUs: 4 total, 4 available
 Memory: 8064M
 Large Page Support: Disabled
 NUMA Support: Disabled
 Compressed Oops: Enabled (32-bit)
 Heap Region Size: 1M
 Heap Min Capacity: 8M
 Heap Initial Capacity: 128M
 Heap Max Capacity: 2G
 Pre-touch: Disabled
 Parallel Workers: 4
 Concurrent Workers: 1
 Concurrent Refinement Workers: 4
 Periodic GC: Disabled

Heap:
 garbage-first heap   total 81920K, used 30487K [0x0000000080000000, 0x0000000100000000)
  region size 1024K, 8 young (8192K), 6 survivors (6144K)
 Metaspace       used 32867K, committed 34112K, reserved 1114112K
  class space    used 4673K, committed 5312K, reserved 1048576K

Heap Regions: E=young(eden), S=young(survivor), O=old, HS=humongous(starts), HC=humongous(continues), CS=collection set, F=free, OA=open archive, CA=closed archive, TAMS=top-at-mark-start, PB=parsable bottom
|   0|0x0000000080000000, 0x0000000080100000, 0x0000000080100000|100%| O|  |TAMS 0x0000000080000000| PB 0x0000000080000000| Untracked 
|   1|0x0000000080100000, 0x0000000080200000, 0x0000000080200000|100%| O|  |TAMS 0x0000000080100000| PB 0x0000000080100000| Untracked 
|   2|0x0000000080200000, 0x0000000080300000, 0x0000000080300000|100%|HS|  |TAMS 0x0000000080200000| PB 0x0000000080200000| Complete 
|   3|0x0000000080300000, 0x0000000080400000, 0x0000000080400000|100%|HC|  |TAMS 0x0000000080300000| PB 0x0000000080300000| Complete 
|   4|0x0000000080400000, 0x0000000080500000, 0x0000000080500000|100%|HC|  |TAMS 0x0000000080400000| PB 0x0000000080400000| Complete 
|   5|0x0000000080500000, 0x0000000080600000, 0x0000000080600000|100%|HC|  |TAMS 0x0000000080500000| PB 0x0000000080500000| Complete 
|   6|0x0000000080600000, 0x0000000080700000, 0x0000000080700000|100%| O|  |TAMS 0x0000000080600000| PB 0x0000000080600000| Untracked 
|   7|0x0000000080700000, 0x0000000080800000, 0x0000000080800000|100%| O|  |TAMS 0x0000000080700000| PB 0x0000000080700000| Untracked 
|   8|0x0000000080800000, 0x0000000080900000, 0x0000000080900000|100%| O|  |TAMS 0x0000000080800000| PB 0x0000000080800000| Untracked 
|   9|0x0000000080900000, 0x0000000080a00000, 0x0000000080a00000|100%| O|  |TAMS 0x0000000080900000| PB 0x0000000080900000| Untracked 
|  10|0x0000000080a00000, 0x0000000080b00000, 0x0000000080b00000|100%| O|  |TAMS 0x0000000080a00000| PB 0x0000000080a00000| Untracked 
|  11|0x0000000080b00000, 0x0000000080c00000, 0x0000000080c00000|100%| O|  |TAMS 0x0000000080b00000| PB 0x0000000080b00000| Untracked 
|  12|0x0000000080c00000, 0x0000000080d00000, 0x0000000080d00000|100%| O|  |TAMS 0x0000000080c00000| PB 0x0000000080c00000| Untracked 
|  13|0x0000000080d00000, 0x0000000080e00000, 0x0000000080e00000|100%| O|  |TAMS 0x0000000080d00000| PB 0x0000000080d00000| Untracked 
|  14|0x0000000080e00000, 0x0000000080f00000, 0x0000000080f00000|100%| O|  |TAMS 0x0000000080e00000| PB 0x0000000080e00000| Untracked 
|  15|0x0000000080f00000, 0x0000000081000000, 0x0000000081000000|100%| O|  |TAMS 0x0000000080f00000| PB 0x0000000080f00000| Untracked 
|  16|0x0000000081000000, 0x0000000081100000, 0x0000000081100000|100%| O|  |TAMS 0x0000000081000000| PB 0x0000000081000000| Untracked 
|  17|0x0000000081100000, 0x0000000081200000, 0x0000000081200000|100%| O|  |TAMS 0x0000000081100000| PB 0x0000000081100000| Untracked 
|  18|0x0000000081200000, 0x0000000081300000, 0x0000000081300000|100%| O|  |TAMS 0x0000000081200000| PB 0x0000000081200000| Untracked 
|  19|0x0000000081300000, 0x0000000081300000, 0x0000000081400000|  0%| F|  |TAMS 0x0000000081300000| PB 0x0000000081300000| Untracked 
|  20|0x0000000081400000, 0x0000000081500000, 0x0000000081500000|100%| O|  |TAMS 0x0000000081400000| PB 0x0000000081400000| Untracked 
|  21|0x0000000081500000, 0x0000000081600000, 0x0000000081600000|100%| O|  |TAMS 0x0000000081500000| PB 0x0000000081500000| Untracked 
|  22|0x0000000081600000, 0x0000000081700000, 0x0000000081700000|100%| O|  |TAMS 0x0000000081600000| PB 0x0000000081600000| Untracked 
|  23|0x0000000081700000, 0x00000000817c5e00, 0x0000000081800000| 77%| O|  |TAMS 0x0000000081700000| PB 0x0000000081700000| Untracked 
|  24|0x0000000081800000, 0x0000000081800000, 0x0000000081900000|  0%| F|  |TAMS 0x0000000081800000| PB 0x0000000081800000| Untracked 
|  25|0x0000000081900000, 0x0000000081900000, 0x0000000081a00000|  0%| F|  |TAMS 0x0000000081900000| PB 0x0000000081900000| Untracked 
|  26|0x0000000081a00000, 0x0000000081b00000, 0x0000000081b00000|100%| S|CS|TAMS 0x0000000081a00000| PB 0x0000000081a00000| Complete 
|  27|0x0000000081b00000, 0x0000000081b00000, 0x0000000081c00000|  0%| F|  |TAMS 0x0000000081b00000| PB 0x0000000081b00000| Untracked 
|  28|0x0000000081c00000, 0x0000000081c00000, 0x0000000081d00000|  0%| F|  |TAMS 0x0000000081c00000| PB 0x0000000081c00000| Untracked 
|  29|0x0000000081d00000, 0x0000000081d00000, 0x0000000081e00000|  0%| F|  |TAMS 0x0000000081d00000| PB 0x0000000081d00000| Untracked 
|  30|0x0000000081e00000, 0x0000000081e00000, 0x0000000081f00000|  0%| F|  |TAMS 0x0000000081e00000| PB 0x0000000081e00000| Untracked 
|  31|0x0000000081f00000, 0x0000000081f00000, 0x0000000082000000|  0%| F|  |TAMS 0x0000000081f00000| PB 0x0000000081f00000| Untracked 
|  32|0x0000000082000000, 0x0000000082100000, 0x0000000082100000|100%| S|CS|TAMS 0x0000000082000000| PB 0x0000000082000000| Complete 
|  33|0x0000000082100000, 0x0000000082200000, 0x0000000082200000|100%| S|CS|TAMS 0x0000000082100000| PB 0x0000000082100000| Complete 
|  34|0x0000000082200000, 0x0000000082300000, 0x0000000082300000|100%| S|CS|TAMS 0x0000000082200000| PB 0x0000000082200000| Complete 
|  35|0x0000000082300000, 0x0000000082400000, 0x0000000082400000|100%| S|CS|TAMS 0x0000000082300000| PB 0x0000000082300000| Complete 
|  36|0x0000000082400000, 0x0000000082500000, 0x0000000082500000|100%| S|CS|TAMS 0x0000000082400000| PB 0x0000000082400000| Complete 
|  37|0x0000000082500000, 0x0000000082500000, 0x0000000082600000|  0%| F|  |TAMS 0x0000000082500000| PB 0x0000000082500000| Untracked 
|  38|0x0000000082600000, 0x0000000082600000, 0x0000000082700000|  0%| F|  |TAMS 0x0000000082600000| PB 0x0000000082600000| Untracked 
|  39|0x0000000082700000, 0x0000000082700000, 0x0000000082800000|  0%| F|  |TAMS 0x0000000082700000| PB 0x0000000082700000| Untracked 
|  40|0x0000000082800000, 0x0000000082800000, 0x0000000082900000|  0%| F|  |TAMS 0x0000000082800000| PB 0x0000000082800000| Untracked 
|  41|0x0000000082900000, 0x0000000082900000, 0x0000000082a00000|  0%| F|  |TAMS 0x0000000082900000| PB 0x0000000082900000| Untracked 
|  42|0x0000000082a00000, 0x0000000082a00000, 0x0000000082b00000|  0%| F|  |TAMS 0x0000000082a00000| PB 0x0000000082a00000| Untracked 
|  43|0x0000000082b00000, 0x0000000082b00000, 0x0000000082c00000|  0%| F|  |TAMS 0x0000000082b00000| PB 0x0000000082b00000| Untracked 
|  44|0x0000000082c00000, 0x0000000082c00000, 0x0000000082d00000|  0%| F|  |TAMS 0x0000000082c00000| PB 0x0000000082c00000| Untracked 
|  45|0x0000000082d00000, 0x0000000082d00000, 0x0000000082e00000|  0%| F|  |TAMS 0x0000000082d00000| PB 0x0000000082d00000| Untracked 
|  46|0x0000000082e00000, 0x0000000082e00000, 0x0000000082f00000|  0%| F|  |TAMS 0x0000000082e00000| PB 0x0000000082e00000| Untracked 
|  47|0x0000000082f00000, 0x0000000082f00000, 0x0000000083000000|  0%| F|  |TAMS 0x0000000082f00000| PB 0x0000000082f00000| Untracked 
|  48|0x0000000083000000, 0x0000000083000000, 0x0000000083100000|  0%| F|  |TAMS 0x0000000083000000| PB 0x0000000083000000| Untracked 
|  49|0x0000000083100000, 0x0000000083100000, 0x0000000083200000|  0%| F|  |TAMS 0x0000000083100000| PB 0x0000000083100000| Untracked 
|  50|0x0000000083200000, 0x0000000083200000, 0x0000000083300000|  0%| F|  |TAMS 0x0000000083200000| PB 0x0000000083200000| Untracked 
|  51|0x0000000083300000, 0x0000000083300000, 0x0000000083400000|  0%| F|  |TAMS 0x0000000083300000| PB 0x0000000083300000| Untracked 
|  52|0x0000000083400000, 0x0000000083400000, 0x0000000083500000|  0%| F|  |TAMS 0x0000000083400000| PB 0x0000000083400000| Untracked 
|  53|0x0000000083500000, 0x0000000083500000, 0x0000000083600000|  0%| F|  |TAMS 0x0000000083500000| PB 0x0000000083500000| Untracked 
|  54|0x0000000083600000, 0x0000000083600000, 0x0000000083700000|  0%| F|  |TAMS 0x0000000083600000| PB 0x0000000083600000| Untracked 
|  55|0x0000000083700000, 0x0000000083700000, 0x0000000083800000|  0%| F|  |TAMS 0x0000000083700000| PB 0x0000000083700000| Untracked 
|  56|0x0000000083800000, 0x0000000083800000, 0x0000000083900000|  0%| F|  |TAMS 0x0000000083800000| PB 0x0000000083800000| Untracked 
|  57|0x0000000083900000, 0x0000000083900000, 0x0000000083a00000|  0%| F|  |TAMS 0x0000000083900000| PB 0x0000000083900000| Untracked 
|  58|0x0000000083a00000, 0x0000000083a00000, 0x0000000083b00000|  0%| F|  |TAMS 0x0000000083a00000| PB 0x0000000083a00000| Untracked 
|  59|0x0000000083b00000, 0x0000000083b00000, 0x0000000083c00000|  0%| F|  |TAMS 0x0000000083b00000| PB 0x0000000083b00000| Untracked 
|  60|0x0000000083c00000, 0x0000000083c00000, 0x0000000083d00000|  0%| F|  |TAMS 0x0000000083c00000| PB 0x0000000083c00000| Untracked 
|  61|0x0000000083d00000, 0x0000000083d00000, 0x0000000083e00000|  0%| F|  |TAMS 0x0000000083d00000| PB 0x0000000083d00000| Untracked 
|  62|0x0000000083e00000, 0x0000000083e00000, 0x0000000083f00000|  0%| F|  |TAMS 0x0000000083e00000| PB 0x0000000083e00000| Untracked 
|  63|0x0000000083f00000, 0x0000000083f00000, 0x0000000084000000|  0%| F|  |TAMS 0x0000000083f00000| PB 0x0000000083f00000| Untracked 
|  64|0x0000000084000000, 0x0000000084000000, 0x0000000084100000|  0%| F|  |TAMS 0x0000000084000000| PB 0x0000000084000000| Untracked 
|  65|0x0000000084100000, 0x0000000084100000, 0x0000000084200000|  0%| F|  |TAMS 0x0000000084100000| PB 0x0000000084100000| Untracked 
|  66|0x0000000084200000, 0x0000000084200000, 0x0000000084300000|  0%| F|  |TAMS 0x0000000084200000| PB 0x0000000084200000| Untracked 
|  67|0x0000000084300000, 0x0000000084300000, 0x0000000084400000|  0%| F|  |TAMS 0x0000000084300000| PB 0x0000000084300000| Untracked 
|  68|0x0000000084400000, 0x0000000084400000, 0x0000000084500000|  0%| F|  |TAMS 0x0000000084400000| PB 0x0000000084400000| Untracked 
|  69|0x0000000084500000, 0x0000000084500000, 0x0000000084600000|  0%| F|  |TAMS 0x0000000084500000| PB 0x0000000084500000| Untracked 
|  70|0x0000000084600000, 0x0000000084600000, 0x0000000084700000|  0%| F|  |TAMS 0x0000000084600000| PB 0x0000000084600000| Untracked 
|  71|0x0000000084700000, 0x0000000084700000, 0x0000000084800000|  0%| F|  |TAMS 0x0000000084700000| PB 0x0000000084700000| Untracked 
|  72|0x0000000084800000, 0x0000000084800000, 0x0000000084900000|  0%| F|  |TAMS 0x0000000084800000| PB 0x0000000084800000| Untracked 
|  73|0x0000000084900000, 0x0000000084900000, 0x0000000084a00000|  0%| F|  |TAMS 0x0000000084900000| PB 0x0000000084900000| Untracked 
|  74|0x0000000084a00000, 0x0000000084a00000, 0x0000000084b00000|  0%| F|  |TAMS 0x0000000084a00000| PB 0x0000000084a00000| Untracked 
|  75|0x0000000084b00000, 0x0000000084b00000, 0x0000000084c00000|  0%| F|  |TAMS 0x0000000084b00000| PB 0x0000000084b00000| Untracked 
|  92|0x0000000085c00000, 0x0000000085c00000, 0x0000000085d00000|  0%| F|  |TAMS 0x0000000085c00000| PB 0x0000000085c00000| Untracked 
|  93|0x0000000085d00000, 0x0000000085d00000, 0x0000000085e00000|  0%| F|  |TAMS 0x0000000085d00000| PB 0x0000000085d00000| Untracked 
|  94|0x0000000085e00000, 0x0000000085f00000, 0x0000000085f00000|100%| E|  |TAMS 0x0000000085e00000| PB 0x0000000085e00000| Complete 
| 127|0x0000000087f00000, 0x0000000088000000, 0x0000000088000000|100%| E|CS|TAMS 0x0000000087f00000| PB 0x0000000087f00000| Complete 

Card table byte_map: [0x000001e161180000,0x000001e161580000] _byte_map_base: 0x000001e160d80000

Marking Bits: (CMBitMap*) 0x000001e149d2e660
 Bits: [0x000001e161980000, 0x000001e163980000)

Polling page: 0x000001e147c40000

Metaspace:

Usage:
  Non-class:     27.57 MB used.
      Class:      4.57 MB used.
       Both:     32.14 MB used.

Virtual space:
  Non-class space:       64.00 MB reserved,      28.19 MB ( 44%) committed,  1 nodes.
      Class space:        1.00 GB reserved,       5.19 MB ( <1%) committed,  1 nodes.
             Both:        1.06 GB reserved,      33.38 MB (  3%) committed. 

Chunk freelists:
   Non-Class:  3.59 MB
       Class:  2.66 MB
        Both:  6.25 MB

MaxMetaspaceSize: unlimited
CompressedClassSpaceSize: 1.00 GB
Initial GC threshold: 21.00 MB
Current GC threshold: 35.13 MB
CDS: on
MetaspaceReclaimPolicy: balanced
 - commit_granule_bytes: 65536.
 - commit_granule_words: 8192.
 - virtual_space_node_default_size: 8388608.
 - enlarge_chunks_in_place: 1.
 - new_chunks_are_fully_committed: 0.
 - uncommit_free_chunks: 1.
 - use_allocation_guard: 0.


Internal statistics:

num_allocs_failed_limit: 3.
num_arena_births: 2008.
num_arena_deaths: 0.
num_vsnodes_births: 2.
num_vsnodes_deaths: 0.
num_space_committed: 534.
num_space_uncommitted: 0.
num_chunks_returned_to_freelist: 3.
num_chunks_taken_from_freelist: 3344.
num_chunk_merges: 3.
num_chunk_splits: 2203.
num_chunks_enlarged: 1421.
num_inconsistent_stats: 0.

CodeHeap 'non-profiled nmethods': size=120000Kb used=1988Kb max_used=1988Kb free=118012Kb
 bounds [0x000001e159850000, 0x000001e159ac0000, 0x000001e160d80000]
CodeHeap 'profiled nmethods': size=120000Kb used=7947Kb max_used=7947Kb free=112052Kb
 bounds [0x000001e151d80000, 0x000001e152550000, 0x000001e1592b0000]
CodeHeap 'non-nmethods': size=5760Kb used=1962Kb max_used=1980Kb free=3797Kb
 bounds [0x000001e1592b0000, 0x000001e159520000, 0x000001e159850000]
 total_blobs=4700 nmethods=4026 adapters=583
 compilation: enabled
              stopped_count=0, restarted_count=0
 full_count=0

Compilation events (20 events):
Event: 19.097 Thread 0x000001e165e704d0 nmethod 4023 0x000001e15253e610 code [0x000001e15253e7a0, 0x000001e15253e958]
Event: 19.097 Thread 0x000001e165e704d0 4022       3       org.codehaus.groovy.vmplugin.v9.Java9::lambda$doFindClasses$0 (31 bytes)
Event: 19.098 Thread 0x000001e165e704d0 nmethod 4022 0x000001e15253ea10 code [0x000001e15253ec80, 0x000001e15253f8c8]
Event: 19.098 Thread 0x000001e165e704d0 4031       3       java.util.HashMap$KeySpliterator::forEachRemaining (186 bytes)
Event: 19.099 Thread 0x000001e165e704d0 nmethod 4031 0x000001e15253fc90 code [0x000001e15253fe80, 0x000001e1525406d8]
Event: 19.099 Thread 0x000001e165e704d0 4034       3       org.codehaus.groovy.vmplugin.v9.Java9::lambda$doFindClasses$1 (8 bytes)
Event: 19.099 Thread 0x000001e165e704d0 nmethod 4034 0x000001e152540990 code [0x000001e152540b20, 0x000001e152540cd0]
Event: 19.099 Thread 0x000001e165e704d0 4035       3       java.util.stream.Collectors::lambda$uniqKeysMapAccumulator$1 (49 bytes)
Event: 19.099 Thread 0x000001e165e704d0 nmethod 4035 0x000001e152540d90 code [0x000001e152540f80, 0x000001e1525414c0]
Event: 19.099 Thread 0x000001e165e704d0 4025       3       java.util.stream.ReduceOps$3::makeSink (5 bytes)
Event: 19.100 Thread 0x000001e165e704d0 nmethod 4025 0x000001e152541710 code [0x000001e1525418a0, 0x000001e1525419e0]
Event: 19.100 Thread 0x000001e165e704d0 4026       3       java.util.stream.ReduceOps$3::makeSink (20 bytes)
Event: 19.100 Thread 0x000001e165e704d0 nmethod 4026 0x000001e152541a90 code [0x000001e152541c40, 0x000001e152541fe8]
Event: 19.100 Thread 0x000001e165e704d0 4027       3       java.util.stream.ReduceOps$3ReducingSink::<init> (20 bytes)
Event: 19.100 Thread 0x000001e165e704d0 nmethod 4027 0x000001e152542110 code [0x000001e1525422a0, 0x000001e152542580]
Event: 19.100 Thread 0x000001e165e704d0 4032       3       java.util.stream.Collectors::castingIdentity (6 bytes)
Event: 19.100 Thread 0x000001e165e704d0 nmethod 4032 0x000001e152542690 code [0x000001e152542820, 0x000001e152542a50]
Event: 19.100 Thread 0x000001e165e704d0 4037       3       org.codehaus.groovy.vmplugin.v9.Java9$$Lambda$444/0x00000008014ba940::apply (12 bytes)
Event: 19.101 Thread 0x000001e165e704d0 nmethod 4037 0x000001e152542b10 code [0x000001e152542ca0, 0x000001e152542ee0]
Event: 19.101 Thread 0x000001e165e704d0 4038       3       org.codehaus.groovy.vmplugin.v9.Java9::lambda$doFindClasses$3 (47 bytes)

GC Heap History (12 events):
Event: 1.402 GC heap before
{Heap before GC invocations=0 (full 0):
 garbage-first heap   total 131072K, used 12288K [0x0000000080000000, 0x0000000100000000)
  region size 1024K, 13 young (13312K), 0 survivors (0K)
 Metaspace       used 968K, committed 1088K, reserved 1114112K
  class space    used 76K, committed 128K, reserved 1048576K
}
Event: 1.408 GC heap after
{Heap after GC invocations=1 (full 0):
 garbage-first heap   total 131072K, used 3371K [0x0000000080000000, 0x0000000100000000)
  region size 1024K, 2 young (2048K), 2 survivors (2048K)
 Metaspace       used 968K, committed 1088K, reserved 1114112K
  class space    used 76K, committed 128K, reserved 1048576K
}
Event: 3.002 GC heap before
{Heap before GC invocations=1 (full 0):
 garbage-first heap   total 131072K, used 22827K [0x0000000080000000, 0x0000000100000000)
  region size 1024K, 18 young (18432K), 2 survivors (2048K)
 Metaspace       used 3960K, committed 4160K, reserved 1114112K
  class space    used 491K, committed 576K, reserved 1048576K
}
Event: 3.009 GC heap after
{Heap after GC invocations=2 (full 0):
 garbage-first heap   total 131072K, used 10938K [0x0000000080000000, 0x0000000100000000)
  region size 1024K, 3 young (3072K), 3 survivors (3072K)
 Metaspace       used 3960K, committed 4160K, reserved 1114112K
  class space    used 491K, committed 576K, reserved 1048576K
}
Event: 4.322 GC heap before
{Heap before GC invocations=2 (full 0):
 garbage-first heap   total 131072K, used 33466K [0x0000000080000000, 0x0000000100000000)
  region size 1024K, 25 young (25600K), 3 survivors (3072K)
 Metaspace       used 4042K, committed 4224K, reserved 1114112K
  class space    used 492K, committed 576K, reserved 1048576K
}
Event: 4.326 GC heap after
{Heap after GC invocations=3 (full 0):
 garbage-first heap   total 131072K, used 11442K [0x0000000080000000, 0x0000000100000000)
  region size 1024K, 1 young (1024K), 1 survivors (1024K)
 Metaspace       used 4042K, committed 4224K, reserved 1114112K
  class space    used 492K, committed 576K, reserved 1048576K
}
Event: 10.016 GC heap before
{Heap before GC invocations=3 (full 0):
 garbage-first heap   total 131072K, used 88242K [0x0000000080000000, 0x0000000100000000)
  region size 1024K, 76 young (77824K), 1 survivors (1024K)
 Metaspace       used 16410K, committed 16960K, reserved 1114112K
  class space    used 2304K, committed 2560K, reserved 1048576K
}
Event: 10.030 GC heap after
{Heap after GC invocations=4 (full 0):
 garbage-first heap   total 131072K, used 20313K [0x0000000080000000, 0x0000000100000000)
  region size 1024K, 10 young (10240K), 10 survivors (10240K)
 Metaspace       used 16410K, committed 16960K, reserved 1114112K
  class space    used 2304K, committed 2560K, reserved 1048576K
}
Event: 12.609 GC heap before
{Heap before GC invocations=4 (full 0):
 garbage-first heap   total 131072K, used 53081K [0x0000000080000000, 0x0000000100000000)
  region size 1024K, 43 young (44032K), 10 survivors (10240K)
 Metaspace       used 20786K, committed 21504K, reserved 1114112K
  class space    used 3037K, committed 3392K, reserved 1048576K
}
Event: 12.627 GC heap after
{Heap after GC invocations=5 (full 0):
 garbage-first heap   total 131072K, used 23036K [0x0000000080000000, 0x0000000100000000)
  region size 1024K, 3 young (3072K), 3 survivors (3072K)
 Metaspace       used 20786K, committed 21504K, reserved 1114112K
  class space    used 3037K, committed 3392K, reserved 1048576K
}
Event: 14.476 GC heap before
{Heap before GC invocations=6 (full 0):
 garbage-first heap   total 81920K, used 69116K [0x0000000080000000, 0x0000000100000000)
  region size 1024K, 48 young (49152K), 3 survivors (3072K)
 Metaspace       used 26640K, committed 27776K, reserved 1114112K
  class space    used 4009K, committed 4544K, reserved 1048576K
}
Event: 14.486 GC heap after
{Heap after GC invocations=7 (full 0):
 garbage-first heap   total 81920K, used 25236K [0x0000000080000000, 0x0000000100000000)
  region size 1024K, 5 young (5120K), 5 survivors (5120K)
 Metaspace       used 26640K, committed 27776K, reserved 1114112K
  class space    used 4009K, committed 4544K, reserved 1048576K
}

Dll operation events (16 events):
Event: 0.086 Loaded shared library C:\Program Files\Java\jdk-20\bin\java.dll
Event: 0.106 Loaded shared library C:\Program Files\Java\jdk-20\bin\jsvml.dll
Event: 0.208 Loaded shared library C:\Program Files\Java\jdk-20\bin\zip.dll
Event: 0.240 Loaded shared library C:\Program Files\Java\jdk-20\bin\instrument.dll
Event: 0.245 Loaded shared library C:\Program Files\Java\jdk-20\bin\net.dll
Event: 0.247 Loaded shared library C:\Program Files\Java\jdk-20\bin\nio.dll
Event: 0.253 Loaded shared library C:\Program Files\Java\jdk-20\bin\zip.dll
Event: 1.116 Loaded shared library C:\Program Files\Java\jdk-20\bin\jimage.dll
Event: 1.431 Loaded shared library C:\Program Files\Java\jdk-20\bin\verify.dll
Event: 1.923 Loaded shared library C:\Users\MR.BELAIR\.gradle\native\c067742578af261105cb4f569cf0c3c89f3d7b1fecec35dd04571415982c5e48\windows-amd64\native-platform.dll
Event: 2.032 Loading shared library C:\Users\MR.BELAIR\.gradle\native\38dada09dfb8b06ba9b0570ebf7e218e3eb74d4ef43ca46872605cf95ebc2f47\windows-amd64\native-platform-file-events.dll failed, error code 127
Event: 2.170 Loading shared library C:\Users\MR.BELAIR\.gradle\native\38dada09dfb8b06ba9b0570ebf7e218e3eb74d4ef43ca46872605cf95ebc2f47\windows-amd64-min\native-platform-file-events.dll failed, error code 127
Event: 5.153 Loaded shared library C:\Program Files\Java\jdk-20\bin\management.dll
Event: 5.157 Loaded shared library C:\Program Files\Java\jdk-20\bin\management_ext.dll
Event: 5.849 Loaded shared library C:\Program Files\Java\jdk-20\bin\extnet.dll
Event: 6.633 Loaded shared library C:\Program Files\Java\jdk-20\bin\sunmscapi.dll

Deoptimization events (20 events):
Event: 18.837 Thread 0x000001e16ab7cb10 Uncommon trap: trap_request=0xffffffc6 fr.pc=0x000001e159a1872c relative=0x000000000000026c
Event: 18.837 Thread 0x000001e16ab7cb10 Uncommon trap: reason=bimorphic_or_optimized_type_check action=maybe_recompile pc=0x000001e159a1872c method=java.util.stream.MatchOps$1MatchSink.accept(Ljava/lang/Object;)V @ 12 c2
Event: 18.837 Thread 0x000001e16ab7cb10 DEOPT PACKING pc=0x000001e159a1872c sp=0x0000001444cf89a0
Event: 18.837 Thread 0x000001e16ab7cb10 DEOPT UNPACKING pc=0x000001e159319d22 sp=0x0000001444cf8948 mode 2
Event: 18.837 Thread 0x000001e16ab7cb10 Uncommon trap: trap_request=0xffffffc6 fr.pc=0x000001e159a1872c relative=0x000000000000026c
Event: 18.837 Thread 0x000001e16ab7cb10 Uncommon trap: reason=bimorphic_or_optimized_type_check action=maybe_recompile pc=0x000001e159a1872c method=java.util.stream.MatchOps$1MatchSink.accept(Ljava/lang/Object;)V @ 12 c2
Event: 18.837 Thread 0x000001e16ab7cb10 DEOPT PACKING pc=0x000001e159a1872c sp=0x0000001444cf89a0
Event: 18.837 Thread 0x000001e16ab7cb10 DEOPT UNPACKING pc=0x000001e159319d22 sp=0x0000001444cf8948 mode 2
Event: 18.837 Thread 0x000001e16ab7cb10 Uncommon trap: trap_request=0xffffffc6 fr.pc=0x000001e159a1872c relative=0x000000000000026c
Event: 18.837 Thread 0x000001e16ab7cb10 Uncommon trap: reason=bimorphic_or_optimized_type_check action=maybe_recompile pc=0x000001e159a1872c method=java.util.stream.MatchOps$1MatchSink.accept(Ljava/lang/Object;)V @ 12 c2
Event: 18.837 Thread 0x000001e16ab7cb10 DEOPT PACKING pc=0x000001e159a1872c sp=0x0000001444cf89a0
Event: 18.837 Thread 0x000001e16ab7cb10 DEOPT UNPACKING pc=0x000001e159319d22 sp=0x0000001444cf8948 mode 2
Event: 18.837 Thread 0x000001e16ab7cb10 Uncommon trap: trap_request=0xffffffc6 fr.pc=0x000001e159a1872c relative=0x000000000000026c
Event: 18.837 Thread 0x000001e16ab7cb10 Uncommon trap: reason=bimorphic_or_optimized_type_check action=maybe_recompile pc=0x000001e159a1872c method=java.util.stream.MatchOps$1MatchSink.accept(Ljava/lang/Object;)V @ 12 c2
Event: 18.837 Thread 0x000001e16ab7cb10 DEOPT PACKING pc=0x000001e159a1872c sp=0x0000001444cf89a0
Event: 18.837 Thread 0x000001e16ab7cb10 DEOPT UNPACKING pc=0x000001e159319d22 sp=0x0000001444cf8948 mode 2
Event: 18.843 Thread 0x000001e16ab7cb10 Uncommon trap: trap_request=0xffffff45 fr.pc=0x000001e159940608 relative=0x00000000000000e8
Event: 18.843 Thread 0x000001e16ab7cb10 Uncommon trap: reason=unstable_if action=reinterpret pc=0x000001e159940608 method=java.lang.ClassLoader.getClassLoadingLock(Ljava/lang/String;)Ljava/lang/Object; @ 6 c2
Event: 18.843 Thread 0x000001e16ab7cb10 DEOPT PACKING pc=0x000001e159940608 sp=0x0000001444cf8fd0
Event: 18.843 Thread 0x000001e16ab7cb10 DEOPT UNPACKING pc=0x000001e159319d22 sp=0x0000001444cf8f60 mode 2

Classes loaded (20 events):
Event: 18.939 Loading class jdk/internal/jimage/ImageReader$Node
Event: 18.940 Loading class jdk/internal/jimage/ImageReader$Node done
Event: 18.940 Loading class jdk/internal/jimage/ImageReader$Directory done
Event: 18.940 Loading class jdk/internal/jrtfs/SystemImage$1
Event: 18.940 Loading class jdk/internal/jrtfs/SystemImage$1 done
Event: 18.941 Loading class jdk/internal/jimage/ImageReader$SharedImageReader$LocationVisitor
Event: 18.941 Loading class jdk/internal/jimage/ImageReader$SharedImageReader$LocationVisitor done
Event: 18.942 Loading class java/nio/ByteBufferAsIntBufferL
Event: 18.946 Loading class java/nio/ByteBufferAsIntBufferL done
Event: 18.948 Loading class jdk/internal/jrtfs/JrtFileAttributes
Event: 18.949 Loading class jdk/internal/jrtfs/JrtFileAttributes done
Event: 18.949 Loading class jdk/internal/jrtfs/JrtDirectoryStream
Event: 18.950 Loading class jdk/internal/jrtfs/JrtDirectoryStream done
Event: 18.953 Loading class jdk/internal/jrtfs/JrtDirectoryStream$1
Event: 18.954 Loading class jdk/internal/jrtfs/JrtDirectoryStream$1 done
Event: 18.955 Loading class java/util/function/BooleanSupplier
Event: 18.955 Loading class java/util/function/BooleanSupplier done
Event: 18.957 Loading class jdk/internal/jimage/ImageReader$Resource
Event: 18.957 Loading class jdk/internal/jimage/ImageReader$Resource done
Event: 19.105 Loading class java/util/WeakHashMap$KeyIterator

Classes unloaded (0 events):
No events

Classes redefined (0 events):
No events

Internal exceptions (20 events):
Event: 14.432 Thread 0x000001e16ab7cb10 Exception <a 'java/lang/NoSuchMethodError'{0x000000008205f9a0}: 'java.lang.Object java.lang.invoke.DirectMethodHandle$Holder.newInvokeSpecial(java.lang.Object, java.lang.Object, int, int)'> (0x000000008205f9a0) 
thrown [s\open\src\hotspot\share\interpreter\linkResolver.cpp, line 773]
Event: 14.441 Thread 0x000001e16ab7cb10 Exception <a 'java/lang/NoSuchMethodError'{0x0000000082099158}: 'void java.lang.invoke.DirectMethodHandle$Holder.invokeSpecial(java.lang.Object, java.lang.Object, int)'> (0x0000000082099158) 
thrown [s\open\src\hotspot\share\interpreter\linkResolver.cpp, line 773]
Event: 14.442 Thread 0x000001e16ab7cb10 Exception <a 'java/lang/NoSuchMethodError'{0x000000008209d438}: 'void java.lang.invoke.Invokers$Holder.invokeExact_MT(java.lang.Object, int, java.lang.Object)'> (0x000000008209d438) 
thrown [s\open\src\hotspot\share\interpreter\linkResolver.cpp, line 773]
Event: 14.724 Thread 0x000001e16ab7cb10 Implicit null exception at 0x000001e159962bf4 to 0x000001e15996306c
Event: 14.724 Thread 0x000001e16ab7cb10 Implicit null exception at 0x000001e1599d6254 to 0x000001e1599d6544
Event: 14.724 Thread 0x000001e16ab7cb10 Implicit null exception at 0x000001e1599e1ecc to 0x000001e1599e26b0
Event: 14.724 Thread 0x000001e16ab7cb10 Exception <a 'java/lang/NoSuchMethodError'{0x0000000084bb3780}: 'java.lang.reflect.Method[] java.lang.Class.getDeclaredMethods(java.lang.Class)'> (0x0000000084bb3780) 
thrown [s\open\src\hotspot\share\interpreter\linkResolver.cpp, line 773]
Event: 14.794 Thread 0x000001e16ab7cb10 Exception <a 'java/lang/NoSuchMethodError'{0x0000000084af4b90}: 'void java.lang.invoke.DirectMethodHandle$Holder.invokeStaticInit(java.lang.Object, java.lang.Object, java.lang.Object)'> (0x0000000084af4b90) 
thrown [s\open\src\hotspot\share\interpreter\linkResolver.cpp, line 773]
Event: 14.795 Thread 0x000001e16ab7cb10 Exception <a 'java/lang/NoSuchMethodError'{0x0000000084afbce8}: 'void java.lang.invoke.DirectMethodHandle$Holder.invokeStaticInit(java.lang.Object, java.lang.Object, java.lang.Object, java.lang.Object)'> (0x0000000084afbce8) 
thrown [s\open\src\hotspot\share\interpreter\linkResolver.cpp, line 773]
Event: 14.798 Thread 0x000001e16ab7cb10 Exception <a 'java/lang/NoSuchMethodError'{0x000000008491e190}: 'void java.lang.invoke.DirectMethodHandle$Holder.invokeStaticInit(java.lang.Object, java.lang.Object, java.lang.Object, java.lang.Object, java.lang.Object)'> (0x000000008491e190) 
thrown [s\open\src\hotspot\share\interpreter\linkResolver.cpp, line 773]
Event: 14.800 Thread 0x000001e16ab7cb10 Exception <a 'java/lang/NoSuchMethodError'{0x0000000084925c78}: 'int java.lang.invoke.DirectMethodHandle$Holder.invokeStaticInit(java.lang.Object, java.lang.Object, java.lang.Object)'> (0x0000000084925c78) 
thrown [s\open\src\hotspot\share\interpreter\linkResolver.cpp, line 773]
Event: 14.814 Thread 0x000001e16ab7cb10 Exception <a 'java/lang/NoSuchMethodError'{0x000000008497d0e8}: 'int java.lang.invoke.DirectMethodHandle$Holder.invokeStaticInit(java.lang.Object, java.lang.Object, java.lang.Object, java.lang.Object)'> (0x000000008497d0e8) 
thrown [s\open\src\hotspot\share\interpreter\linkResolver.cpp, line 773]
Event: 18.016 Thread 0x000001e16ab7cb10 Exception <a 'java/lang/ClassNotFoundException'{0x00000000840fa438}: groovy/lang/ExpandoMetaClassBeanInfo> (0x00000000840fa438) 
thrown [s\open\src\hotspot\share\classfile\systemDictionary.cpp, line 305]
Event: 18.018 Thread 0x000001e16ab7cb10 Exception <a 'java/lang/ClassNotFoundException'{0x0000000083f025e8}: groovy/lang/MetaClassImplBeanInfo> (0x0000000083f025e8) 
thrown [s\open\src\hotspot\share\classfile\systemDictionary.cpp, line 305]
Event: 18.018 Thread 0x000001e16ab7cb10 Exception <a 'java/lang/ClassNotFoundException'{0x0000000083f06c90}: java/lang/ObjectBeanInfo> (0x0000000083f06c90) 
thrown [s\open\src\hotspot\share\classfile\systemDictionary.cpp, line 305]
Event: 18.020 Thread 0x000001e16ab7cb10 Exception <a 'java/lang/ClassNotFoundException'{0x0000000083f0c530}: java/lang/ObjectCustomizer> (0x0000000083f0c530) 
thrown [s\open\src\hotspot\share\classfile\systemDictionary.cpp, line 305]
Event: 18.068 Thread 0x000001e16ab7cb10 Exception <a 'java/lang/IncompatibleClassChangeError'{0x0000000083f1bf18}: Found class java.lang.Object, but interface was expected> (0x0000000083f1bf18) 
thrown [s\open\src\hotspot\share\interpreter\linkResolver.cpp, line 840]
Event: 18.099 Thread 0x000001e16ab7cb10 Exception <a 'java/lang/ClassNotFoundException'{0x0000000083f38270}: groovy/lang/MetaClassImplCustomizer> (0x0000000083f38270) 
thrown [s\open\src\hotspot\share\classfile\systemDictionary.cpp, line 305]
Event: 18.132 Thread 0x000001e16ab7cb10 Exception <a 'java/lang/ClassNotFoundException'{0x0000000083f5e7a0}: groovy/lang/ExpandoMetaClassCustomizer> (0x0000000083f5e7a0) 
thrown [s\open\src\hotspot\share\classfile\systemDictionary.cpp, line 305]
Event: 18.785 Thread 0x000001e16ab7cb10 Exception <a 'java/lang/NoSuchMethodError'{0x0000000083926d40}: 'java.lang.Object java.lang.invoke.DirectMethodHandle$Holder.invokeStatic(java.lang.Object, int, java.lang.Object)'> (0x0000000083926d40) 
thrown [s\open\src\hotspot\share\interpreter\linkResolver.cpp, line 773]

VM Operations (20 events):
Event: 15.352 Executing VM operation: HandshakeAllThreads
Event: 15.352 Executing VM operation: HandshakeAllThreads done
Event: 16.356 Executing VM operation: Cleanup
Event: 16.373 Executing VM operation: Cleanup done
Event: 16.412 Executing VM operation: HandshakeAllThreads
Event: 16.450 Executing VM operation: HandshakeAllThreads done
Event: 16.617 Executing VM operation: HandshakeAllThreads
Event: 16.618 Executing VM operation: HandshakeAllThreads done
Event: 17.616 Executing VM operation: Cleanup
Event: 17.629 Executing VM operation: Cleanup done
Event: 18.351 Executing VM operation: HandshakeAllThreads
Event: 18.351 Executing VM operation: HandshakeAllThreads done
Event: 18.352 Executing VM operation: HandshakeAllThreads
Event: 18.352 Executing VM operation: HandshakeAllThreads done
Event: 18.460 Executing VM operation: HandshakeAllThreads
Event: 18.460 Executing VM operation: HandshakeAllThreads done
Event: 18.947 Executing VM operation: HandshakeAllThreads
Event: 18.947 Executing VM operation: HandshakeAllThreads done
Event: 18.947 Executing VM operation: Cleanup
Event: 18.948 Executing VM operation: Cleanup done

Events (20 events):
Event: 6.965 Thread 0x000001e16ab7c5c0 Thread added: 0x000001e16ab7c5c0
Event: 9.050 Thread 0x000001e16ab7b5d0 Thread added: 0x000001e16ab7b5d0
Event: 9.095 Thread 0x000001e16ab7d060 Thread added: 0x000001e16ab7d060
Event: 9.218 Thread 0x000001e16ab7a5e0 Thread added: 0x000001e16ab7a5e0
Event: 10.823 Thread 0x000001e16cec95e0 Thread added: 0x000001e16cec95e0
Event: 11.197 Thread 0x000001e16cec95e0 Thread exited: 0x000001e16cec95e0
Event: 12.631 Thread 0x000001e16cec9b70 Thread added: 0x000001e16cec9b70
Event: 12.969 Thread 0x000001e16cec9b70 Thread exited: 0x000001e16cec9b70
Event: 13.379 Thread 0x000001e16ab7d5b0 Thread added: 0x000001e16ab7d5b0
Event: 13.466 Thread 0x000001e16ab7a090 Thread added: 0x000001e16ab7a090
Event: 13.531 Thread 0x000001e16ded0580 Thread added: 0x000001e16ded0580
Event: 13.560 Thread 0x000001e16ded2010 Thread added: 0x000001e16ded2010
Event: 13.847 Thread 0x000001e16decf040 Thread added: 0x000001e16decf040
Event: 14.813 Thread 0x000001e16cec9b70 Thread added: 0x000001e16cec9b70
Event: 14.986 Thread 0x000001e16cec9b70 Thread exited: 0x000001e16cec9b70
Event: 18.579 Thread 0x000001e16cecb740 Thread added: 0x000001e16cecb740
Event: 18.755 Thread 0x000001e16cecb740 Thread exited: 0x000001e16cecb740
Event: 18.838 Thread 0x000001e16ceca100 Thread added: 0x000001e16ceca100
Event: 18.957 Thread 0x000001e16ceca100 Thread exited: 0x000001e16ceca100
Event: 19.000 Thread 0x000001e16ceca100 Thread added: 0x000001e16ceca100


Dynamic libraries:
0x00007ff691eb0000 - 0x00007ff691ec0000 	C:\Program Files\Java\jdk-20\bin\java.exe
0x00007fff1c330000 - 0x00007fff1c50b000 	C:\Windows\SYSTEM32\ntdll.dll
0x00007fff1a810000 - 0x00007fff1a8be000 	C:\Windows\System32\KERNEL32.DLL
0x00007fff19120000 - 0x00007fff1936a000 	C:\Windows\System32\KERNELBASE.dll
0x00007fff19790000 - 0x00007fff19886000 	C:\Windows\System32\ucrtbase.dll
0x00007fff0af10000 - 0x00007fff0af29000 	C:\Program Files\Java\jdk-20\bin\jli.dll
0x00007fff0a7b0000 - 0x00007fff0a7cb000 	C:\Program Files\Java\jdk-20\bin\VCRUNTIME140.dll
0x00007fff1ac60000 - 0x00007fff1ad01000 	C:\Windows\System32\ADVAPI32.dll
0x00007fff1a610000 - 0x00007fff1a6ad000 	C:\Windows\System32\msvcrt.dll
0x00007fff19a30000 - 0x00007fff19a89000 	C:\Windows\System32\sechost.dll
0x00007fff1a8c0000 - 0x00007fff1a9e5000 	C:\Windows\System32\RPCRT4.dll
0x00007fff19d50000 - 0x00007fff19e9a000 	C:\Windows\System32\USER32.dll
0x00007fff19490000 - 0x00007fff194ae000 	C:\Windows\System32\win32u.dll
0x00007fff1a1a0000 - 0x00007fff1a1c7000 	C:\Windows\System32\GDI32.dll
0x00007fff0d050000 - 0x00007fff0d2b7000 	C:\Windows\WinSxS\amd64_microsoft.windows.common-controls_6595b64144ccf1df_6.0.15063.1155_none_40c7922129a7722b\COMCTL32.dll
0x00007fff19550000 - 0x00007fff196d8000 	C:\Windows\System32\gdi32full.dll
0x00007fff19ea0000 - 0x00007fff1a199000 	C:\Windows\System32\combase.dll
0x00007fff194b0000 - 0x00007fff1954a000 	C:\Windows\System32\msvcp_win.dll
0x00007fff19370000 - 0x00007fff193da000 	C:\Windows\System32\bcryptPrimitives.dll
0x00007fff0a470000 - 0x00007fff0a47a000 	C:\Windows\SYSTEM32\VERSION.dll
0x00007fff19b90000 - 0x00007fff19bbd000 	C:\Windows\System32\IMM32.DLL
0x00007fff0b510000 - 0x00007fff0b51c000 	C:\Program Files\Java\jdk-20\bin\vcruntime140_1.dll
0x00007ffee1d60000 - 0x00007ffee1dee000 	C:\Program Files\Java\jdk-20\bin\msvcp140.dll
0x00007ffece7d0000 - 0x00007ffecf467000 	C:\Program Files\Java\jdk-20\bin\server\jvm.dll
0x00007fff156d0000 - 0x00007fff156f3000 	C:\Windows\SYSTEM32\WINMM.dll
0x00007ffef5e20000 - 0x00007ffef5e29000 	C:\Windows\SYSTEM32\WSOCK32.dll
0x00007fff19ce0000 - 0x00007fff19d4c000 	C:\Windows\System32\WS2_32.dll
0x00007fff15670000 - 0x00007fff1569b000 	C:\Windows\SYSTEM32\WINMMBASE.dll
0x00007fff193e0000 - 0x00007fff19429000 	C:\Windows\System32\cfgmgr32.dll
0x00007fff18830000 - 0x00007fff18841000 	C:\Windows\System32\kernel.appcore.dll
0x00007fff0ae80000 - 0x00007fff0ae8a000 	C:\Program Files\Java\jdk-20\bin\jimage.dll
0x00007fff07dd0000 - 0x00007fff07f79000 	C:\Windows\SYSTEM32\DBGHELP.DLL
0x00007fff07bc0000 - 0x00007fff07be9000 	C:\Windows\SYSTEM32\dbgcore.DLL
0x00007fff03260000 - 0x00007fff0326e000 	C:\Program Files\Java\jdk-20\bin\instrument.dll
0x00007ffee9d00000 - 0x00007ffee9d26000 	C:\Program Files\Java\jdk-20\bin\java.dll
0x00007ffee1c80000 - 0x00007ffee1d57000 	C:\Program Files\Java\jdk-20\bin\jsvml.dll
0x00007fff1ae40000 - 0x00007fff1c278000 	C:\Windows\System32\SHELL32.dll
0x00007fff1c280000 - 0x00007fff1c32a000 	C:\Windows\System32\shcore.dll
0x00007fff18850000 - 0x00007fff18f41000 	C:\Windows\System32\windows.storage.dll
0x00007fff19ab0000 - 0x00007fff19b01000 	C:\Windows\System32\shlwapi.dll
0x00007fff187e0000 - 0x00007fff1882c000 	C:\Windows\System32\powrprof.dll
0x00007fff187c0000 - 0x00007fff187d5000 	C:\Windows\System32\profapi.dll
0x00007fff02750000 - 0x00007fff02768000 	C:\Program Files\Java\jdk-20\bin\zip.dll
0x00007ffefb570000 - 0x00007ffefb583000 	C:\Program Files\Java\jdk-20\bin\net.dll
0x00007fff0e380000 - 0x00007fff0e456000 	C:\Windows\SYSTEM32\WINHTTP.dll
0x00007fff180b0000 - 0x00007fff1810c000 	C:\Windows\system32\mswsock.dll
0x00007ffefa830000 - 0x00007ffefa846000 	C:\Program Files\Java\jdk-20\bin\nio.dll
0x00007fff02d00000 - 0x00007fff02d10000 	C:\Program Files\Java\jdk-20\bin\verify.dll
0x00007fff15b80000 - 0x00007fff15ba7000 	C:\Users\MR.BELAIR\.gradle\native\c067742578af261105cb4f569cf0c3c89f3d7b1fecec35dd04571415982c5e48\windows-amd64\native-platform.dll
0x00007fff0d600000 - 0x00007fff0d60a000 	C:\Program Files\Java\jdk-20\bin\management.dll
0x00007ffeff0c0000 - 0x00007ffeff0cb000 	C:\Program Files\Java\jdk-20\bin\management_ext.dll
0x00007fff19cd0000 - 0x00007fff19cd8000 	C:\Windows\System32\PSAPI.DLL
0x00007fff18250000 - 0x00007fff18267000 	C:\Windows\SYSTEM32\CRYPTSP.dll
0x00007fff17cc0000 - 0x00007fff17cf4000 	C:\Windows\system32\rsaenh.dll
0x00007fff18360000 - 0x00007fff18385000 	C:\Windows\SYSTEM32\bcrypt.dll
0x00007fff186a0000 - 0x00007fff186c9000 	C:\Windows\SYSTEM32\USERENV.dll
0x00007fff18270000 - 0x00007fff1827b000 	C:\Windows\SYSTEM32\CRYPTBASE.dll
0x00007fff17e50000 - 0x00007fff17e87000 	C:\Windows\SYSTEM32\IPHLPAPI.DLL
0x00007fff1a800000 - 0x00007fff1a808000 	C:\Windows\System32\NSI.dll
0x00007fff0cf90000 - 0x00007fff0cfa6000 	C:\Windows\SYSTEM32\dhcpcsvc6.DLL
0x00007fff0cf70000 - 0x00007fff0cf8a000 	C:\Windows\SYSTEM32\dhcpcsvc.DLL
0x00007ffeff0b0000 - 0x00007ffeff0b7000 	C:\Program Files\Java\jdk-20\bin\extnet.dll
0x00007ffeff0a0000 - 0x00007ffeff0ae000 	C:\Program Files\Java\jdk-20\bin\sunmscapi.dll
0x00007fff18f50000 - 0x00007fff19119000 	C:\Windows\System32\CRYPT32.dll
0x00007fff187a0000 - 0x00007fff187b1000 	C:\Windows\System32\MSASN1.dll
0x00007fff18330000 - 0x00007fff18355000 	C:\Windows\SYSTEM32\ncrypt.dll
0x00007fff182f0000 - 0x00007fff18326000 	C:\Windows\SYSTEM32\NTASN1.dll

dbghelp: loaded successfully - version: 4.0.5 - missing functions: none
symbol engine: initialized successfully - sym options: 0x614 - pdb path: .;C:\Program Files\Java\jdk-20\bin;C:\Windows\SYSTEM32;C:\Windows\WinSxS\amd64_microsoft.windows.common-controls_6595b64144ccf1df_6.0.15063.1155_none_40c7922129a7722b;C:\Program Files\Java\jdk-20\bin\server;C:\Users\MR.BELAIR\.gradle\native\c067742578af261105cb4f569cf0c3c89f3d7b1fecec35dd04571415982c5e48\windows-amd64

VM Arguments:
jvm_args: --add-opens=java.base/java.util=ALL-UNNAMED --add-opens=java.base/java.lang=ALL-UNNAMED --add-opens=java.base/java.lang.invoke=ALL-UNNAMED --add-opens=java.prefs/java.util.prefs=ALL-UNNAMED --add-opens=java.base/java.nio.charset=ALL-UNNAMED --add-opens=java.base/java.net=ALL-UNNAMED --add-opens=java.base/java.util.concurrent.atomic=ALL-UNNAMED -Xmx2048m -Dfile.encoding=UTF-8 -Duser.country=US -Duser.language=en -Duser.variant -javaagent:C:\Users\MR.BELAIR\.gradle\wrapper\dists\gradle-8.6-bin\afr5mpiioh2wthjmwnkmdsd5w\gradle-8.6\lib\agents\gradle-instrumentation-agent-8.6.jar 
java_command: org.gradle.launcher.daemon.bootstrap.GradleDaemon 8.6
java_class_path (initial): C:\Users\MR.BELAIR\.gradle\wrapper\dists\gradle-8.6-bin\afr5mpiioh2wthjmwnkmdsd5w\gradle-8.6\lib\gradle-launcher-8.6.jar
Launcher Type: SUN_STANDARD

[Global flags]
     intx CICompilerCount                          = 3                                         {product} {ergonomic}
     uint ConcGCThreads                            = 1                                         {product} {ergonomic}
     uint G1ConcRefinementThreads                  = 4                                         {product} {ergonomic}
   size_t G1HeapRegionSize                         = 1048576                                   {product} {ergonomic}
    uintx GCDrainStackTargetSize                   = 64                                        {product} {ergonomic}
   size_t InitialHeapSize                          = 134217728                                 {product} {ergonomic}
   size_t MarkStackSize                            = 4194304                                   {product} {ergonomic}
   size_t MaxHeapSize                              = 2147483648                                {product} {command line}
   size_t MaxNewSize                               = 1287651328                                {product} {ergonomic}
   size_t MinHeapDeltaBytes                        = 1048576                                   {product} {ergonomic}
   size_t MinHeapSize                              = 8388608                                   {product} {ergonomic}
    uintx NonNMethodCodeHeapSize                   = 5832780                                {pd product} {ergonomic}
    uintx NonProfiledCodeHeapSize                  = 122912730                              {pd product} {ergonomic}
    uintx ProfiledCodeHeapSize                     = 122912730                              {pd product} {ergonomic}
    uintx ReservedCodeCacheSize                    = 251658240                              {pd product} {ergonomic}
     bool SegmentedCodeCache                       = true                                      {product} {ergonomic}
   size_t SoftMaxHeapSize                          = 2147483648                             {manageable} {ergonomic}
     bool UseCompressedClassPointers               = true                           {product lp64_product} {ergonomic}
     bool UseCompressedOops                        = true                           {product lp64_product} {ergonomic}
     bool UseG1GC                                  = true                                      {product} {ergonomic}
     bool UseLargePagesIndividualAllocation        = false                                  {pd product} {ergonomic}

Logging:
Log output configuration:
 #0: stdout all=warning uptime,level,tags foldmultilines=false
 #1: stderr all=off uptime,level,tags foldmultilines=false

Environment Variables:
JAVA_HOME=C:\Program Files\Java\jdk-20
PATH=C:\Program Files (x86)\VMware\VMware Workstation\bin\;C:\Program Files\Common Files\Oracle\Java\javapath;C:\Windows\system32;C:\Windows;C:\Windows\System32\Wbem;C:\Windows\System32\WindowsPowerShell\v1.0\;C:\Program Files\Java\jdk-20\bin;C:\MinGW\bin;C:\GNU-Prolog\bin;F:\Git\cmd;C:\Windows\System32;C:\Program Files\MySQL\MySQL Shell 8.0\bin\;C:\Users\MR.BELAIR\AppData\Local\Programs\Python\Python313\Scripts\;C:\Users\MR.BELAIR\AppData\Local\Programs\Python\Python313\;C:\Users\MR.BELAIR\AppData\Local\Programs\Python\Launcher\;C:\Users\MR.BELAIR\AppData\Local\Microsoft\WindowsApps;C:\Users\MR.BELAIR\AppData\Local\Programs\Microsoft VS Code\bin;C:\Program Files\JetBrains\IntelliJ IDEA Community Edition 2023.2.2\bin;C:\Users\MR.BELAIR\AppData\Local\JetBrains\Toolbox\scripts;C:\Users\MR.BELAIR\AppData\Local\GitHubDesktop\bin;C:\Windows\System32;
USERNAME=MR.BELAIR
OS=Windows_NT
PROCESSOR_IDENTIFIER=Intel64 Family 6 Model 69 Stepping 1, GenuineIntel
TMP=C:\Users\MR17DB~1.BEL\AppData\Local\Temp
TEMP=C:\Users\MR17DB~1.BEL\AppData\Local\Temp




---------------  S Y S T E M  ---------------

OS:
 Windows 10 , 64 bit Build 15063 (10.0.15063.1058)
OS uptime: 0 days 7:09 hours

CPU: total 4 (initial active 4) (2 cores per cpu, 2 threads per core) family 6 model 69 stepping 1 microcode 0x23, cx8, cmov, fxsr, ht, mmx, sse, sse2, sse3, ssse3, sse4.1, sse4.2, popcnt, lzcnt, tsc, tscinvbit, avx, avx2, aes, erms, clmul, bmi1, bmi2, fma, vzeroupper, clflush, rdtscp, f16c

Memory: 4k page, system-wide physical 8064M (1701M free)
TotalPageFile size 22203M (AvailPageFile size 3M)
current process WorkingSet (physical memory assigned to process): 193M, peak: 210M
current process commit charge ("private bytes"): 231M, peak: 275M

vm_info: Java HotSpot(TM) 64-Bit Server VM (20.0.1+9-29) for windows-amd64 JRE (20.0.1+9-29), built on 2023-03-07T13:56:11Z by "mach5one" with MS VC++ 17.1 (VS2022)

END.
